CRITICAL - 2022-04-17 05:11:33 --> Class "App\Controllers\NEwsModel" not found
#0 C:\xampp\htdocs\lat_ci\system\CodeIgniter.php(832): App\Controllers\News->index()
#1 C:\xampp\htdocs\lat_ci\system\CodeIgniter.php(419): CodeIgniter\CodeIgniter->runController(Object(App\Controllers\News))
#2 C:\xampp\htdocs\lat_ci\system\CodeIgniter.php(326): CodeIgniter\CodeIgniter->handleRequest(NULL, Object(Config\Cache), false)
#3 C:\xampp\htdocs\lat_ci\public\index.php(37): CodeIgniter\CodeIgniter->run()
#4 {main}
CRITICAL - 2022-04-17 05:11:41 --> Class "App\Controllers\NewsModel" not found
#0 C:\xampp\htdocs\lat_ci\system\CodeIgniter.php(832): App\Controllers\News->index()
#1 C:\xampp\htdocs\lat_ci\system\CodeIgniter.php(419): CodeIgniter\CodeIgniter->runController(Object(App\Controllers\News))
#2 C:\xampp\htdocs\lat_ci\system\CodeIgniter.php(326): CodeIgniter\CodeIgniter->handleRequest(NULL, Object(Config\Cache), false)
#3 C:\xampp\htdocs\lat_ci\public\index.php(37): CodeIgniter\CodeIgniter->run()
#4 {main}
CRITICAL - 2022-04-17 05:11:43 --> Class "App\Controllers\NewsModel" not found
#0 C:\xampp\htdocs\lat_ci\system\CodeIgniter.php(832): App\Controllers\News->index()
#1 C:\xampp\htdocs\lat_ci\system\CodeIgniter.php(419): CodeIgniter\CodeIgniter->runController(Object(App\Controllers\News))
#2 C:\xampp\htdocs\lat_ci\system\CodeIgniter.php(326): CodeIgniter\CodeIgniter->handleRequest(NULL, Object(Config\Cache), false)
#3 C:\xampp\htdocs\lat_ci\public\index.php(37): CodeIgniter\CodeIgniter->run()
#4 {main}
CRITICAL - 2022-04-17 05:11:47 --> Class "App\Controllers\NewsModel" not found
#0 C:\xampp\htdocs\lat_ci\system\CodeIgniter.php(832): App\Controllers\News->index()
#1 C:\xampp\htdocs\lat_ci\system\CodeIgniter.php(419): CodeIgniter\CodeIgniter->runController(Object(App\Controllers\News))
#2 C:\xampp\htdocs\lat_ci\system\CodeIgniter.php(326): CodeIgniter\CodeIgniter->handleRequest(NULL, Object(Config\Cache), false)
#3 C:\xampp\htdocs\lat_ci\public\index.php(37): CodeIgniter\CodeIgniter->run()
#4 {main}
CRITICAL - 2022-04-17 06:58:07 --> syntax error, unexpected token ")", expecting "{"
#0 C:\xampp\htdocs\lat_ci\system\CodeIgniter.php(368): CodeIgniter\CodeIgniter->tryToRouteIt(NULL)
#1 C:\xampp\htdocs\lat_ci\system\CodeIgniter.php(326): CodeIgniter\CodeIgniter->handleRequest(NULL, Object(Config\Cache), false)
#2 C:\xampp\htdocs\lat_ci\public\index.php(37): CodeIgniter\CodeIgniter->run()
#3 {main}
CRITICAL - 2022-04-17 07:05:19 --> syntax error, unexpected single-quoted string "title", expecting "]"
#0 C:\xampp\htdocs\lat_ci\system\Autoloader\Autoloader.php(241): CodeIgniter\Autoloader\Autoloader->includeFile('C:\\xampp\\htdocs...')
#1 C:\xampp\htdocs\lat_ci\system\Autoloader\Autoloader.php(219): CodeIgniter\Autoloader\Autoloader->loadInNamespace('App\\Controllers...')
#2 [internal function]: CodeIgniter\Autoloader\Autoloader->loadClass('App\\Controllers...')
#3 C:\xampp\htdocs\lat_ci\system\CodeIgniter.php(797): class_exists('\\App\\Controller...', true)
#4 C:\xampp\htdocs\lat_ci\system\CodeIgniter.php(406): CodeIgniter\CodeIgniter->startController()
#5 C:\xampp\htdocs\lat_ci\system\CodeIgniter.php(326): CodeIgniter\CodeIgniter->handleRequest(NULL, Object(Config\Cache), false)
#6 C:\xampp\htdocs\lat_ci\public\index.php(37): CodeIgniter\CodeIgniter->run()
#7 {main}
CRITICAL - 2022-04-17 07:05:43 --> Invalid file: layout/admin/navbar.php
#0 C:\xampp\htdocs\lat_ci\system\View\View.php(198): CodeIgniter\Exceptions\FrameworkException::forInvalidFile('layout/admin/na...')
#1 C:\xampp\htdocs\lat_ci\system\View\View.php(424): CodeIgniter\View\View->render('layout/admin/na...', NULL, true)
#2 C:\xampp\htdocs\lat_ci\app\Views\layout\admin\admin_layout.php(11): CodeIgniter\View\View->include('layout/admin/na...')
#3 C:\xampp\htdocs\lat_ci\system\View\View.php(210): include('C:\\xampp\\htdocs...')
#4 C:\xampp\htdocs\lat_ci\system\View\View.php(213): CodeIgniter\View\View->CodeIgniter\View\{closure}()
#5 C:\xampp\htdocs\lat_ci\system\View\View.php(226): CodeIgniter\View\View->render('layout/admin/ad...', Array, true)
#6 C:\xampp\htdocs\lat_ci\system\Common.php(1089): CodeIgniter\View\View->render('admin_list_news', Array, true)
#7 C:\xampp\htdocs\lat_ci\app\Controllers\NewsAdmin.php(14): view('admin_list_news', Array)
#8 C:\xampp\htdocs\lat_ci\system\CodeIgniter.php(832): App\Controllers\NewsAdmin->index()
#9 C:\xampp\htdocs\lat_ci\system\CodeIgniter.php(419): CodeIgniter\CodeIgniter->runController(Object(App\Controllers\NewsAdmin))
#10 C:\xampp\htdocs\lat_ci\system\CodeIgniter.php(326): CodeIgniter\CodeIgniter->handleRequest(NULL, Object(Config\Cache), false)
#11 C:\xampp\htdocs\lat_ci\public\index.php(37): CodeIgniter\CodeIgniter->run()
#12 {main}
CRITICAL - 2022-04-17 07:06:32 --> Invalid file: layout/admin/navbar.php
#0 C:\xampp\htdocs\lat_ci\system\View\View.php(198): CodeIgniter\Exceptions\FrameworkException::forInvalidFile('layout/admin/na...')
#1 C:\xampp\htdocs\lat_ci\system\View\View.php(424): CodeIgniter\View\View->render('layout/admin/na...', NULL, true)
#2 C:\xampp\htdocs\lat_ci\app\Views\layout\admin\admin_layout.php(11): CodeIgniter\View\View->include('layout/admin/na...')
#3 C:\xampp\htdocs\lat_ci\system\View\View.php(210): include('C:\\xampp\\htdocs...')
#4 C:\xampp\htdocs\lat_ci\system\View\View.php(213): CodeIgniter\View\View->CodeIgniter\View\{closure}()
#5 C:\xampp\htdocs\lat_ci\system\View\View.php(226): CodeIgniter\View\View->render('layout/admin/ad...', Array, true)
#6 C:\xampp\htdocs\lat_ci\system\Common.php(1089): CodeIgniter\View\View->render('admin_list_news', Array, true)
#7 C:\xampp\htdocs\lat_ci\app\Controllers\NewsAdmin.php(14): view('admin_list_news', Array)
#8 C:\xampp\htdocs\lat_ci\system\CodeIgniter.php(832): App\Controllers\NewsAdmin->index()
#9 C:\xampp\htdocs\lat_ci\system\CodeIgniter.php(419): CodeIgniter\CodeIgniter->runController(Object(App\Controllers\NewsAdmin))
#10 C:\xampp\htdocs\lat_ci\system\CodeIgniter.php(326): CodeIgniter\CodeIgniter->handleRequest(NULL, Object(Config\Cache), false)
#11 C:\xampp\htdocs\lat_ci\public\index.php(37): CodeIgniter\CodeIgniter->run()
#12 {main}
CRITICAL - 2022-04-17 07:07:15 --> Invalid file: layout/admin/.php
#0 C:\xampp\htdocs\lat_ci\system\View\View.php(198): CodeIgniter\Exceptions\FrameworkException::forInvalidFile('layout/admin/.p...')
#1 C:\xampp\htdocs\lat_ci\system\View\View.php(424): CodeIgniter\View\View->render('layout/admin/', NULL, true)
#2 C:\xampp\htdocs\lat_ci\app\Views\layout\admin\admin_layout.php(11): CodeIgniter\View\View->include('layout/admin/')
#3 C:\xampp\htdocs\lat_ci\system\View\View.php(210): include('C:\\xampp\\htdocs...')
#4 C:\xampp\htdocs\lat_ci\system\View\View.php(213): CodeIgniter\View\View->CodeIgniter\View\{closure}()
#5 C:\xampp\htdocs\lat_ci\system\View\View.php(226): CodeIgniter\View\View->render('layout/admin/ad...', Array, true)
#6 C:\xampp\htdocs\lat_ci\system\Common.php(1089): CodeIgniter\View\View->render('admin_list_news', Array, true)
#7 C:\xampp\htdocs\lat_ci\app\Controllers\NewsAdmin.php(14): view('admin_list_news', Array)
#8 C:\xampp\htdocs\lat_ci\system\CodeIgniter.php(832): App\Controllers\NewsAdmin->index()
#9 C:\xampp\htdocs\lat_ci\system\CodeIgniter.php(419): CodeIgniter\CodeIgniter->runController(Object(App\Controllers\NewsAdmin))
#10 C:\xampp\htdocs\lat_ci\system\CodeIgniter.php(326): CodeIgniter\CodeIgniter->handleRequest(NULL, Object(Config\Cache), false)
#11 C:\xampp\htdocs\lat_ci\public\index.php(37): CodeIgniter\CodeIgniter->run()
#12 {main}
CRITICAL - 2022-04-17 07:07:18 --> Invalid file: layout/admin.php
#0 C:\xampp\htdocs\lat_ci\system\View\View.php(198): CodeIgniter\Exceptions\FrameworkException::forInvalidFile('layout/admin.ph...')
#1 C:\xampp\htdocs\lat_ci\system\View\View.php(424): CodeIgniter\View\View->render('layout/admin', NULL, true)
#2 C:\xampp\htdocs\lat_ci\app\Views\layout\admin\admin_layout.php(11): CodeIgniter\View\View->include('layout/admin')
#3 C:\xampp\htdocs\lat_ci\system\View\View.php(210): include('C:\\xampp\\htdocs...')
#4 C:\xampp\htdocs\lat_ci\system\View\View.php(213): CodeIgniter\View\View->CodeIgniter\View\{closure}()
#5 C:\xampp\htdocs\lat_ci\system\View\View.php(226): CodeIgniter\View\View->render('layout/admin/ad...', Array, true)
#6 C:\xampp\htdocs\lat_ci\system\Common.php(1089): CodeIgniter\View\View->render('admin_list_news', Array, true)
#7 C:\xampp\htdocs\lat_ci\app\Controllers\NewsAdmin.php(14): view('admin_list_news', Array)
#8 C:\xampp\htdocs\lat_ci\system\CodeIgniter.php(832): App\Controllers\NewsAdmin->index()
#9 C:\xampp\htdocs\lat_ci\system\CodeIgniter.php(419): CodeIgniter\CodeIgniter->runController(Object(App\Controllers\NewsAdmin))
#10 C:\xampp\htdocs\lat_ci\system\CodeIgniter.php(326): CodeIgniter\CodeIgniter->handleRequest(NULL, Object(Config\Cache), false)
#11 C:\xampp\htdocs\lat_ci\public\index.php(37): CodeIgniter\CodeIgniter->run()
#12 {main}
CRITICAL - 2022-04-17 07:44:50 --> Call to undefined function route()
#0 C:\xampp\htdocs\lat_ci\system\View\View.php(210): include()
#1 C:\xampp\htdocs\lat_ci\system\View\View.php(213): CodeIgniter\View\View->CodeIgniter\View\{closure}()
#2 C:\xampp\htdocs\lat_ci\system\Common.php(1089): CodeIgniter\View\View->render('admin_list_news', Array, true)
#3 C:\xampp\htdocs\lat_ci\app\Controllers\NewsAdmin.php(14): view('admin_list_news', Array)
#4 C:\xampp\htdocs\lat_ci\system\CodeIgniter.php(832): App\Controllers\NewsAdmin->index()
#5 C:\xampp\htdocs\lat_ci\system\CodeIgniter.php(419): CodeIgniter\CodeIgniter->runController(Object(App\Controllers\NewsAdmin))
#6 C:\xampp\htdocs\lat_ci\system\CodeIgniter.php(326): CodeIgniter\CodeIgniter->handleRequest(NULL, Object(Config\Cache), false)
#7 C:\xampp\htdocs\lat_ci\public\index.php(37): CodeIgniter\CodeIgniter->run()
#8 C:\xampp\htdocs\lat_ci\system\Commands\Server\rewrite.php(43): require_once('C:\\xampp\\htdocs...')
#9 {main}
CRITICAL - 2022-04-17 07:44:51 --> Call to undefined function route()
#0 C:\xampp\htdocs\lat_ci\system\View\View.php(210): include()
#1 C:\xampp\htdocs\lat_ci\system\View\View.php(213): CodeIgniter\View\View->CodeIgniter\View\{closure}()
#2 C:\xampp\htdocs\lat_ci\system\Common.php(1089): CodeIgniter\View\View->render('admin_list_news', Array, true)
#3 C:\xampp\htdocs\lat_ci\app\Controllers\NewsAdmin.php(14): view('admin_list_news', Array)
#4 C:\xampp\htdocs\lat_ci\system\CodeIgniter.php(832): App\Controllers\NewsAdmin->index()
#5 C:\xampp\htdocs\lat_ci\system\CodeIgniter.php(419): CodeIgniter\CodeIgniter->runController(Object(App\Controllers\NewsAdmin))
#6 C:\xampp\htdocs\lat_ci\system\CodeIgniter.php(326): CodeIgniter\CodeIgniter->handleRequest(NULL, Object(Config\Cache), false)
#7 C:\xampp\htdocs\lat_ci\public\index.php(37): CodeIgniter\CodeIgniter->run()
#8 C:\xampp\htdocs\lat_ci\system\Commands\Server\rewrite.php(43): require_once('C:\\xampp\\htdocs...')
#9 {main}
CRITICAL - 2022-04-17 08:08:54 --> Allowed fields must be specified for model: App\Models\NewsModel
#0 C:\xampp\htdocs\lat_ci\system\BaseModel.php(1138): CodeIgniter\Database\Exceptions\DataException::forInvalidAllowedFields('App\\Models\\News...')
#1 C:\xampp\htdocs\lat_ci\system\BaseModel.php(713): CodeIgniter\BaseModel->doProtectFields(Array)
#2 C:\xampp\htdocs\lat_ci\system\Model.php(625): CodeIgniter\BaseModel->insert(Array, true)
#3 C:\xampp\htdocs\lat_ci\app\Controllers\NewsAdmin.php(41): CodeIgniter\Model->insert(Array)
#4 C:\xampp\htdocs\lat_ci\system\CodeIgniter.php(832): App\Controllers\NewsAdmin->create()
#5 C:\xampp\htdocs\lat_ci\system\CodeIgniter.php(419): CodeIgniter\CodeIgniter->runController(Object(App\Controllers\NewsAdmin))
#6 C:\xampp\htdocs\lat_ci\system\CodeIgniter.php(326): CodeIgniter\CodeIgniter->handleRequest(NULL, Object(Config\Cache), false)
#7 C:\xampp\htdocs\lat_ci\public\index.php(37): CodeIgniter\CodeIgniter->run()
#8 C:\xampp\htdocs\lat_ci\system\Commands\Server\rewrite.php(43): require_once('C:\\xampp\\htdocs...')
#9 {main}
CRITICAL - 2022-04-17 08:09:30 --> Allowed fields must be specified for model: App\Models\NewsModel
#0 C:\xampp\htdocs\lat_ci\system\BaseModel.php(1138): CodeIgniter\Database\Exceptions\DataException::forInvalidAllowedFields('App\\Models\\News...')
#1 C:\xampp\htdocs\lat_ci\system\BaseModel.php(713): CodeIgniter\BaseModel->doProtectFields(Array)
#2 C:\xampp\htdocs\lat_ci\system\Model.php(625): CodeIgniter\BaseModel->insert(Array, true)
#3 C:\xampp\htdocs\lat_ci\app\Controllers\NewsAdmin.php(41): CodeIgniter\Model->insert(Array)
#4 C:\xampp\htdocs\lat_ci\system\CodeIgniter.php(832): App\Controllers\NewsAdmin->create()
#5 C:\xampp\htdocs\lat_ci\system\CodeIgniter.php(419): CodeIgniter\CodeIgniter->runController(Object(App\Controllers\NewsAdmin))
#6 C:\xampp\htdocs\lat_ci\system\CodeIgniter.php(326): CodeIgniter\CodeIgniter->handleRequest(NULL, Object(Config\Cache), false)
#7 C:\xampp\htdocs\lat_ci\public\index.php(37): CodeIgniter\CodeIgniter->run()
#8 C:\xampp\htdocs\lat_ci\system\Commands\Server\rewrite.php(43): require_once('C:\\xampp\\htdocs...')
#9 {main}
CRITICAL - 2022-04-17 08:09:48 --> Allowed fields must be specified for model: App\Models\NewsModel
#0 C:\xampp\htdocs\lat_ci\system\BaseModel.php(1138): CodeIgniter\Database\Exceptions\DataException::forInvalidAllowedFields('App\\Models\\News...')
#1 C:\xampp\htdocs\lat_ci\system\BaseModel.php(713): CodeIgniter\BaseModel->doProtectFields(Array)
#2 C:\xampp\htdocs\lat_ci\system\Model.php(625): CodeIgniter\BaseModel->insert(Array, true)
#3 C:\xampp\htdocs\lat_ci\app\Controllers\NewsAdmin.php(41): CodeIgniter\Model->insert(Array)
#4 C:\xampp\htdocs\lat_ci\system\CodeIgniter.php(832): App\Controllers\NewsAdmin->create()
#5 C:\xampp\htdocs\lat_ci\system\CodeIgniter.php(419): CodeIgniter\CodeIgniter->runController(Object(App\Controllers\NewsAdmin))
#6 C:\xampp\htdocs\lat_ci\system\CodeIgniter.php(326): CodeIgniter\CodeIgniter->handleRequest(NULL, Object(Config\Cache), false)
#7 C:\xampp\htdocs\lat_ci\public\index.php(37): CodeIgniter\CodeIgniter->run()
#8 C:\xampp\htdocs\lat_ci\system\Commands\Server\rewrite.php(43): require_once('C:\\xampp\\htdocs...')
#9 {main}
CRITICAL - 2022-04-17 08:11:29 --> Allowed fields must be specified for model: App\Models\NewsModel
#0 C:\xampp\htdocs\lat_ci\system\BaseModel.php(1138): CodeIgniter\Database\Exceptions\DataException::forInvalidAllowedFields('App\\Models\\News...')
#1 C:\xampp\htdocs\lat_ci\system\BaseModel.php(713): CodeIgniter\BaseModel->doProtectFields(Array)
#2 C:\xampp\htdocs\lat_ci\system\Model.php(625): CodeIgniter\BaseModel->insert(Array, true)
#3 C:\xampp\htdocs\lat_ci\app\Controllers\NewsAdmin.php(40): CodeIgniter\Model->insert(Array)
#4 C:\xampp\htdocs\lat_ci\system\CodeIgniter.php(832): App\Controllers\NewsAdmin->create()
#5 C:\xampp\htdocs\lat_ci\system\CodeIgniter.php(419): CodeIgniter\CodeIgniter->runController(Object(App\Controllers\NewsAdmin))
#6 C:\xampp\htdocs\lat_ci\system\CodeIgniter.php(326): CodeIgniter\CodeIgniter->handleRequest(NULL, Object(Config\Cache), false)
#7 C:\xampp\htdocs\lat_ci\public\index.php(37): CodeIgniter\CodeIgniter->run()
#8 C:\xampp\htdocs\lat_ci\system\Commands\Server\rewrite.php(43): require_once('C:\\xampp\\htdocs...')
#9 {main}
CRITICAL - 2022-04-17 08:11:44 --> Allowed fields must be specified for model: App\Models\NewsModel
#0 C:\xampp\htdocs\lat_ci\system\BaseModel.php(1138): CodeIgniter\Database\Exceptions\DataException::forInvalidAllowedFields('App\\Models\\News...')
#1 C:\xampp\htdocs\lat_ci\system\BaseModel.php(713): CodeIgniter\BaseModel->doProtectFields(Array)
#2 C:\xampp\htdocs\lat_ci\system\Model.php(625): CodeIgniter\BaseModel->insert(Array, true)
#3 C:\xampp\htdocs\lat_ci\app\Controllers\NewsAdmin.php(40): CodeIgniter\Model->insert(Array)
#4 C:\xampp\htdocs\lat_ci\system\CodeIgniter.php(832): App\Controllers\NewsAdmin->create()
#5 C:\xampp\htdocs\lat_ci\system\CodeIgniter.php(419): CodeIgniter\CodeIgniter->runController(Object(App\Controllers\NewsAdmin))
#6 C:\xampp\htdocs\lat_ci\system\CodeIgniter.php(326): CodeIgniter\CodeIgniter->handleRequest(NULL, Object(Config\Cache), false)
#7 C:\xampp\htdocs\lat_ci\public\index.php(37): CodeIgniter\CodeIgniter->run()
#8 C:\xampp\htdocs\lat_ci\system\Commands\Server\rewrite.php(43): require_once('C:\\xampp\\htdocs...')
#9 {main}
CRITICAL - 2022-04-17 08:12:09 --> Allowed fields must be specified for model: App\Models\NewsModel
#0 C:\xampp\htdocs\lat_ci\system\BaseModel.php(1138): CodeIgniter\Database\Exceptions\DataException::forInvalidAllowedFields('App\\Models\\News...')
#1 C:\xampp\htdocs\lat_ci\system\BaseModel.php(713): CodeIgniter\BaseModel->doProtectFields(Array)
#2 C:\xampp\htdocs\lat_ci\system\Model.php(625): CodeIgniter\BaseModel->insert(Array, true)
#3 C:\xampp\htdocs\lat_ci\app\Controllers\NewsAdmin.php(41): CodeIgniter\Model->insert(Array)
#4 C:\xampp\htdocs\lat_ci\system\CodeIgniter.php(832): App\Controllers\NewsAdmin->create()
#5 C:\xampp\htdocs\lat_ci\system\CodeIgniter.php(419): CodeIgniter\CodeIgniter->runController(Object(App\Controllers\NewsAdmin))
#6 C:\xampp\htdocs\lat_ci\system\CodeIgniter.php(326): CodeIgniter\CodeIgniter->handleRequest(NULL, Object(Config\Cache), false)
#7 C:\xampp\htdocs\lat_ci\public\index.php(37): CodeIgniter\CodeIgniter->run()
#8 C:\xampp\htdocs\lat_ci\system\Commands\Server\rewrite.php(43): require_once('C:\\xampp\\htdocs...')
#9 {main}
CRITICAL - 2022-04-17 08:16:20 --> Allowed fields must be specified for model: App\Models\NewsModel
#0 C:\xampp\htdocs\lat_ci\system\BaseModel.php(1138): CodeIgniter\Database\Exceptions\DataException::forInvalidAllowedFields('App\\Models\\News...')
#1 C:\xampp\htdocs\lat_ci\system\BaseModel.php(713): CodeIgniter\BaseModel->doProtectFields(Array)
#2 C:\xampp\htdocs\lat_ci\system\Model.php(625): CodeIgniter\BaseModel->insert(Array, true)
#3 C:\xampp\htdocs\lat_ci\app\Controllers\NewsAdmin.php(41): CodeIgniter\Model->insert(Array)
#4 C:\xampp\htdocs\lat_ci\system\CodeIgniter.php(832): App\Controllers\NewsAdmin->create()
#5 C:\xampp\htdocs\lat_ci\system\CodeIgniter.php(419): CodeIgniter\CodeIgniter->runController(Object(App\Controllers\NewsAdmin))
#6 C:\xampp\htdocs\lat_ci\system\CodeIgniter.php(326): CodeIgniter\CodeIgniter->handleRequest(NULL, Object(Config\Cache), false)
#7 C:\xampp\htdocs\lat_ci\public\index.php(37): CodeIgniter\CodeIgniter->run()
#8 C:\xampp\htdocs\lat_ci\system\Commands\Server\rewrite.php(43): require_once('C:\\xampp\\htdocs...')
#9 {main}
CRITICAL - 2022-04-17 08:16:29 --> Allowed fields must be specified for model: App\Models\NewsModel
#0 C:\xampp\htdocs\lat_ci\system\BaseModel.php(1138): CodeIgniter\Database\Exceptions\DataException::forInvalidAllowedFields('App\\Models\\News...')
#1 C:\xampp\htdocs\lat_ci\system\BaseModel.php(713): CodeIgniter\BaseModel->doProtectFields(Array)
#2 C:\xampp\htdocs\lat_ci\system\Model.php(625): CodeIgniter\BaseModel->insert(Array, true)
#3 C:\xampp\htdocs\lat_ci\app\Controllers\NewsAdmin.php(41): CodeIgniter\Model->insert(Array)
#4 C:\xampp\htdocs\lat_ci\system\CodeIgniter.php(832): App\Controllers\NewsAdmin->create()
#5 C:\xampp\htdocs\lat_ci\system\CodeIgniter.php(419): CodeIgniter\CodeIgniter->runController(Object(App\Controllers\NewsAdmin))
#6 C:\xampp\htdocs\lat_ci\system\CodeIgniter.php(326): CodeIgniter\CodeIgniter->handleRequest(NULL, Object(Config\Cache), false)
#7 C:\xampp\htdocs\lat_ci\public\index.php(37): CodeIgniter\CodeIgniter->run()
#8 C:\xampp\htdocs\lat_ci\system\Commands\Server\rewrite.php(43): require_once('C:\\xampp\\htdocs...')
#9 {main}
CRITICAL - 2022-04-17 08:21:57 --> Allowed fields must be specified for model: App\Models\NewsModel
#0 C:\xampp\htdocs\lat_ci\system\BaseModel.php(1138): CodeIgniter\Database\Exceptions\DataException::forInvalidAllowedFields('App\\Models\\News...')
#1 C:\xampp\htdocs\lat_ci\system\BaseModel.php(713): CodeIgniter\BaseModel->doProtectFields(Array)
#2 C:\xampp\htdocs\lat_ci\system\Model.php(625): CodeIgniter\BaseModel->insert(Array, true)
#3 C:\xampp\htdocs\lat_ci\app\Controllers\NewsAdmin.php(41): CodeIgniter\Model->insert(Array)
#4 C:\xampp\htdocs\lat_ci\system\CodeIgniter.php(832): App\Controllers\NewsAdmin->create()
#5 C:\xampp\htdocs\lat_ci\system\CodeIgniter.php(419): CodeIgniter\CodeIgniter->runController(Object(App\Controllers\NewsAdmin))
#6 C:\xampp\htdocs\lat_ci\system\CodeIgniter.php(326): CodeIgniter\CodeIgniter->handleRequest(NULL, Object(Config\Cache), false)
#7 C:\xampp\htdocs\lat_ci\public\index.php(37): CodeIgniter\CodeIgniter->run()
#8 C:\xampp\htdocs\lat_ci\system\Commands\Server\rewrite.php(43): require_once('C:\\xampp\\htdocs...')
#9 {main}
CRITICAL - 2022-04-17 08:24:50 --> Object of class App\Controllers\NewsAdmin could not be converted to string
#0 C:\xampp\htdocs\lat_ci\system\CodeIgniter.php(832): App\Controllers\NewsAdmin->create()
#1 C:\xampp\htdocs\lat_ci\system\CodeIgniter.php(419): CodeIgniter\CodeIgniter->runController(Object(App\Controllers\NewsAdmin))
#2 C:\xampp\htdocs\lat_ci\system\CodeIgniter.php(326): CodeIgniter\CodeIgniter->handleRequest(NULL, Object(Config\Cache), false)
#3 C:\xampp\htdocs\lat_ci\public\index.php(37): CodeIgniter\CodeIgniter->run()
#4 C:\xampp\htdocs\lat_ci\system\Commands\Server\rewrite.php(43): require_once('C:\\xampp\\htdocs...')
#5 {main}
CRITICAL - 2022-04-17 08:25:20 --> Allowed fields must be specified for model: App\Models\NewsModel
#0 C:\xampp\htdocs\lat_ci\system\BaseModel.php(1138): CodeIgniter\Database\Exceptions\DataException::forInvalidAllowedFields('App\\Models\\News...')
#1 C:\xampp\htdocs\lat_ci\system\BaseModel.php(713): CodeIgniter\BaseModel->doProtectFields(Array)
#2 C:\xampp\htdocs\lat_ci\system\Model.php(625): CodeIgniter\BaseModel->insert(Array, true)
#3 C:\xampp\htdocs\lat_ci\app\Controllers\NewsAdmin.php(41): CodeIgniter\Model->insert(Array)
#4 C:\xampp\htdocs\lat_ci\system\CodeIgniter.php(832): App\Controllers\NewsAdmin->create()
#5 C:\xampp\htdocs\lat_ci\system\CodeIgniter.php(419): CodeIgniter\CodeIgniter->runController(Object(App\Controllers\NewsAdmin))
#6 C:\xampp\htdocs\lat_ci\system\CodeIgniter.php(326): CodeIgniter\CodeIgniter->handleRequest(NULL, Object(Config\Cache), false)
#7 C:\xampp\htdocs\lat_ci\public\index.php(37): CodeIgniter\CodeIgniter->run()
#8 C:\xampp\htdocs\lat_ci\system\Commands\Server\rewrite.php(43): require_once('C:\\xampp\\htdocs...')
#9 {main}
CRITICAL - 2022-04-17 08:25:41 --> Allowed fields must be specified for model: App\Models\NewsModel
#0 C:\xampp\htdocs\lat_ci\system\BaseModel.php(1138): CodeIgniter\Database\Exceptions\DataException::forInvalidAllowedFields('App\\Models\\News...')
#1 C:\xampp\htdocs\lat_ci\system\BaseModel.php(713): CodeIgniter\BaseModel->doProtectFields(Array)
#2 C:\xampp\htdocs\lat_ci\system\Model.php(625): CodeIgniter\BaseModel->insert(Array, true)
#3 C:\xampp\htdocs\lat_ci\app\Controllers\NewsAdmin.php(41): CodeIgniter\Model->insert(Array)
#4 C:\xampp\htdocs\lat_ci\system\CodeIgniter.php(832): App\Controllers\NewsAdmin->create()
#5 C:\xampp\htdocs\lat_ci\system\CodeIgniter.php(419): CodeIgniter\CodeIgniter->runController(Object(App\Controllers\NewsAdmin))
#6 C:\xampp\htdocs\lat_ci\system\CodeIgniter.php(326): CodeIgniter\CodeIgniter->handleRequest(NULL, Object(Config\Cache), false)
#7 C:\xampp\htdocs\lat_ci\public\index.php(37): CodeIgniter\CodeIgniter->run()
#8 C:\xampp\htdocs\lat_ci\system\Commands\Server\rewrite.php(43): require_once('C:\\xampp\\htdocs...')
#9 {main}
CRITICAL - 2022-04-17 08:26:07 --> Allowed fields must be specified for model: App\Models\NewsModel
#0 C:\xampp\htdocs\lat_ci\system\BaseModel.php(1138): CodeIgniter\Database\Exceptions\DataException::forInvalidAllowedFields('App\\Models\\News...')
#1 C:\xampp\htdocs\lat_ci\system\BaseModel.php(713): CodeIgniter\BaseModel->doProtectFields(Array)
#2 C:\xampp\htdocs\lat_ci\system\Model.php(625): CodeIgniter\BaseModel->insert(Array, true)
#3 C:\xampp\htdocs\lat_ci\app\Controllers\NewsAdmin.php(41): CodeIgniter\Model->insert(Array)
#4 C:\xampp\htdocs\lat_ci\system\CodeIgniter.php(832): App\Controllers\NewsAdmin->create()
#5 C:\xampp\htdocs\lat_ci\system\CodeIgniter.php(419): CodeIgniter\CodeIgniter->runController(Object(App\Controllers\NewsAdmin))
#6 C:\xampp\htdocs\lat_ci\system\CodeIgniter.php(326): CodeIgniter\CodeIgniter->handleRequest(NULL, Object(Config\Cache), false)
#7 C:\xampp\htdocs\lat_ci\public\index.php(37): CodeIgniter\CodeIgniter->run()
#8 C:\xampp\htdocs\lat_ci\system\Commands\Server\rewrite.php(43): require_once('C:\\xampp\\htdocs...')
#9 {main}
CRITICAL - 2022-04-17 08:26:09 --> Allowed fields must be specified for model: App\Models\NewsModel
#0 C:\xampp\htdocs\lat_ci\system\BaseModel.php(1138): CodeIgniter\Database\Exceptions\DataException::forInvalidAllowedFields('App\\Models\\News...')
#1 C:\xampp\htdocs\lat_ci\system\BaseModel.php(713): CodeIgniter\BaseModel->doProtectFields(Array)
#2 C:\xampp\htdocs\lat_ci\system\Model.php(625): CodeIgniter\BaseModel->insert(Array, true)
#3 C:\xampp\htdocs\lat_ci\app\Controllers\NewsAdmin.php(41): CodeIgniter\Model->insert(Array)
#4 C:\xampp\htdocs\lat_ci\system\CodeIgniter.php(832): App\Controllers\NewsAdmin->create()
#5 C:\xampp\htdocs\lat_ci\system\CodeIgniter.php(419): CodeIgniter\CodeIgniter->runController(Object(App\Controllers\NewsAdmin))
#6 C:\xampp\htdocs\lat_ci\system\CodeIgniter.php(326): CodeIgniter\CodeIgniter->handleRequest(NULL, Object(Config\Cache), false)
#7 C:\xampp\htdocs\lat_ci\public\index.php(37): CodeIgniter\CodeIgniter->run()
#8 C:\xampp\htdocs\lat_ci\system\Commands\Server\rewrite.php(43): require_once('C:\\xampp\\htdocs...')
#9 {main}
CRITICAL - 2022-04-17 08:26:24 --> Allowed fields must be specified for model: App\Models\NewsModel
#0 C:\xampp\htdocs\lat_ci\system\BaseModel.php(1138): CodeIgniter\Database\Exceptions\DataException::forInvalidAllowedFields('App\\Models\\News...')
#1 C:\xampp\htdocs\lat_ci\system\BaseModel.php(713): CodeIgniter\BaseModel->doProtectFields(Array)
#2 C:\xampp\htdocs\lat_ci\system\Model.php(625): CodeIgniter\BaseModel->insert(Array, true)
#3 C:\xampp\htdocs\lat_ci\app\Controllers\NewsAdmin.php(41): CodeIgniter\Model->insert(Array)
#4 C:\xampp\htdocs\lat_ci\system\CodeIgniter.php(832): App\Controllers\NewsAdmin->create()
#5 C:\xampp\htdocs\lat_ci\system\CodeIgniter.php(419): CodeIgniter\CodeIgniter->runController(Object(App\Controllers\NewsAdmin))
#6 C:\xampp\htdocs\lat_ci\system\CodeIgniter.php(326): CodeIgniter\CodeIgniter->handleRequest(NULL, Object(Config\Cache), false)
#7 C:\xampp\htdocs\lat_ci\public\index.php(37): CodeIgniter\CodeIgniter->run()
#8 C:\xampp\htdocs\lat_ci\system\Commands\Server\rewrite.php(43): require_once('C:\\xampp\\htdocs...')
#9 {main}
CRITICAL - 2022-04-17 08:26:28 --> Allowed fields must be specified for model: App\Models\NewsModel
#0 C:\xampp\htdocs\lat_ci\system\BaseModel.php(1138): CodeIgniter\Database\Exceptions\DataException::forInvalidAllowedFields('App\\Models\\News...')
#1 C:\xampp\htdocs\lat_ci\system\BaseModel.php(713): CodeIgniter\BaseModel->doProtectFields(Array)
#2 C:\xampp\htdocs\lat_ci\system\Model.php(625): CodeIgniter\BaseModel->insert(Array, true)
#3 C:\xampp\htdocs\lat_ci\app\Controllers\NewsAdmin.php(41): CodeIgniter\Model->insert(Array)
#4 C:\xampp\htdocs\lat_ci\system\CodeIgniter.php(832): App\Controllers\NewsAdmin->create()
#5 C:\xampp\htdocs\lat_ci\system\CodeIgniter.php(419): CodeIgniter\CodeIgniter->runController(Object(App\Controllers\NewsAdmin))
#6 C:\xampp\htdocs\lat_ci\system\CodeIgniter.php(326): CodeIgniter\CodeIgniter->handleRequest(NULL, Object(Config\Cache), false)
#7 C:\xampp\htdocs\lat_ci\public\index.php(37): CodeIgniter\CodeIgniter->run()
#8 C:\xampp\htdocs\lat_ci\system\Commands\Server\rewrite.php(43): require_once('C:\\xampp\\htdocs...')
#9 {main}
CRITICAL - 2022-04-17 08:27:25 --> Class "Codeigniter\exception\PageNotFoundException" not found
#0 C:\xampp\htdocs\lat_ci\system\CodeIgniter.php(832): App\Controllers\News->viewNews('new')
#1 C:\xampp\htdocs\lat_ci\system\CodeIgniter.php(419): CodeIgniter\CodeIgniter->runController(Object(App\Controllers\News))
#2 C:\xampp\htdocs\lat_ci\system\CodeIgniter.php(326): CodeIgniter\CodeIgniter->handleRequest(NULL, Object(Config\Cache), false)
#3 C:\xampp\htdocs\lat_ci\public\index.php(37): CodeIgniter\CodeIgniter->run()
#4 C:\xampp\htdocs\lat_ci\system\Commands\Server\rewrite.php(43): require_once('C:\\xampp\\htdocs...')
#5 {main}
CRITICAL - 2022-04-17 10:47:33 --> Allowed fields must be specified for model: App\Models\NewsModel
#0 C:\xampp\htdocs\lat_ci\system\BaseModel.php(1138): CodeIgniter\Database\Exceptions\DataException::forInvalidAllowedFields('App\\Models\\News...')
#1 C:\xampp\htdocs\lat_ci\system\BaseModel.php(713): CodeIgniter\BaseModel->doProtectFields(Array)
#2 C:\xampp\htdocs\lat_ci\system\Model.php(625): CodeIgniter\BaseModel->insert(Array, true)
#3 C:\xampp\htdocs\lat_ci\app\Controllers\NewsAdmin.php(40): CodeIgniter\Model->insert(Array)
#4 C:\xampp\htdocs\lat_ci\system\CodeIgniter.php(832): App\Controllers\NewsAdmin->create()
#5 C:\xampp\htdocs\lat_ci\system\CodeIgniter.php(419): CodeIgniter\CodeIgniter->runController(Object(App\Controllers\NewsAdmin))
#6 C:\xampp\htdocs\lat_ci\system\CodeIgniter.php(326): CodeIgniter\CodeIgniter->handleRequest(NULL, Object(Config\Cache), false)
#7 C:\xampp\htdocs\lat_ci\public\index.php(37): CodeIgniter\CodeIgniter->run()
#8 C:\xampp\htdocs\lat_ci\system\Commands\Server\rewrite.php(43): require_once('C:\\xampp\\htdocs...')
#9 {main}
CRITICAL - 2022-04-17 10:51:26 --> Allowed fields must be specified for model: App\Models\NewsModel
#0 C:\xampp\htdocs\lat_ci\system\BaseModel.php(1138): CodeIgniter\Database\Exceptions\DataException::forInvalidAllowedFields('App\\Models\\News...')
#1 C:\xampp\htdocs\lat_ci\system\BaseModel.php(713): CodeIgniter\BaseModel->doProtectFields(Array)
#2 C:\xampp\htdocs\lat_ci\system\Model.php(625): CodeIgniter\BaseModel->insert(Array, true)
#3 C:\xampp\htdocs\lat_ci\app\Controllers\NewsAdmin.php(41): CodeIgniter\Model->insert(Array)
#4 C:\xampp\htdocs\lat_ci\system\CodeIgniter.php(832): App\Controllers\NewsAdmin->create()
#5 C:\xampp\htdocs\lat_ci\system\CodeIgniter.php(419): CodeIgniter\CodeIgniter->runController(Object(App\Controllers\NewsAdmin))
#6 C:\xampp\htdocs\lat_ci\system\CodeIgniter.php(326): CodeIgniter\CodeIgniter->handleRequest(NULL, Object(Config\Cache), false)
#7 C:\xampp\htdocs\lat_ci\public\index.php(37): CodeIgniter\CodeIgniter->run()
#8 C:\xampp\htdocs\lat_ci\system\Commands\Server\rewrite.php(43): require_once('C:\\xampp\\htdocs...')
#9 {main}
CRITICAL - 2022-04-17 10:52:59 --> Allowed fields must be specified for model: App\Models\NewsModel
#0 C:\xampp\htdocs\lat_ci\system\BaseModel.php(1138): CodeIgniter\Database\Exceptions\DataException::forInvalidAllowedFields('App\\Models\\News...')
#1 C:\xampp\htdocs\lat_ci\system\BaseModel.php(713): CodeIgniter\BaseModel->doProtectFields(Array)
#2 C:\xampp\htdocs\lat_ci\system\Model.php(625): CodeIgniter\BaseModel->insert(Array, true)
#3 C:\xampp\htdocs\lat_ci\app\Controllers\NewsAdmin.php(41): CodeIgniter\Model->insert(Array)
#4 C:\xampp\htdocs\lat_ci\system\CodeIgniter.php(832): App\Controllers\NewsAdmin->create()
#5 C:\xampp\htdocs\lat_ci\system\CodeIgniter.php(419): CodeIgniter\CodeIgniter->runController(Object(App\Controllers\NewsAdmin))
#6 C:\xampp\htdocs\lat_ci\system\CodeIgniter.php(326): CodeIgniter\CodeIgniter->handleRequest(NULL, Object(Config\Cache), false)
#7 C:\xampp\htdocs\lat_ci\public\index.php(37): CodeIgniter\CodeIgniter->run()
#8 C:\xampp\htdocs\lat_ci\system\Commands\Server\rewrite.php(43): require_once('C:\\xampp\\htdocs...')
#9 {main}
CRITICAL - 2022-04-17 10:54:30 --> Allowed fields must be specified for model: App\Models\NewsModel
#0 C:\xampp\htdocs\lat_ci\system\BaseModel.php(1138): CodeIgniter\Database\Exceptions\DataException::forInvalidAllowedFields('App\\Models\\News...')
#1 C:\xampp\htdocs\lat_ci\system\BaseModel.php(713): CodeIgniter\BaseModel->doProtectFields(Array)
#2 C:\xampp\htdocs\lat_ci\system\Model.php(625): CodeIgniter\BaseModel->insert(Array, true)
#3 C:\xampp\htdocs\lat_ci\app\Controllers\NewsAdmin.php(41): CodeIgniter\Model->insert(Array)
#4 C:\xampp\htdocs\lat_ci\system\CodeIgniter.php(832): App\Controllers\NewsAdmin->create()
#5 C:\xampp\htdocs\lat_ci\system\CodeIgniter.php(419): CodeIgniter\CodeIgniter->runController(Object(App\Controllers\NewsAdmin))
#6 C:\xampp\htdocs\lat_ci\system\CodeIgniter.php(326): CodeIgniter\CodeIgniter->handleRequest(NULL, Object(Config\Cache), false)
#7 C:\xampp\htdocs\lat_ci\public\index.php(37): CodeIgniter\CodeIgniter->run()
#8 C:\xampp\htdocs\lat_ci\system\Commands\Server\rewrite.php(43): require_once('C:\\xampp\\htdocs...')
#9 {main}
CRITICAL - 2022-04-17 10:54:37 --> Allowed fields must be specified for model: App\Models\NewsModel
#0 C:\xampp\htdocs\lat_ci\system\BaseModel.php(1138): CodeIgniter\Database\Exceptions\DataException::forInvalidAllowedFields('App\\Models\\News...')
#1 C:\xampp\htdocs\lat_ci\system\BaseModel.php(713): CodeIgniter\BaseModel->doProtectFields(Array)
#2 C:\xampp\htdocs\lat_ci\system\Model.php(625): CodeIgniter\BaseModel->insert(Array, true)
#3 C:\xampp\htdocs\lat_ci\app\Controllers\NewsAdmin.php(41): CodeIgniter\Model->insert(Array)
#4 C:\xampp\htdocs\lat_ci\system\CodeIgniter.php(832): App\Controllers\NewsAdmin->create()
#5 C:\xampp\htdocs\lat_ci\system\CodeIgniter.php(419): CodeIgniter\CodeIgniter->runController(Object(App\Controllers\NewsAdmin))
#6 C:\xampp\htdocs\lat_ci\system\CodeIgniter.php(326): CodeIgniter\CodeIgniter->handleRequest(NULL, Object(Config\Cache), false)
#7 C:\xampp\htdocs\lat_ci\public\index.php(37): CodeIgniter\CodeIgniter->run()
#8 C:\xampp\htdocs\lat_ci\system\Commands\Server\rewrite.php(43): require_once('C:\\xampp\\htdocs...')
#9 {main}
ERROR - 2022-04-17 10:58:19 --> Column 'author' cannot be null
CRITICAL - 2022-04-17 10:58:19 --> Column 'author' cannot be null
#0 C:\xampp\htdocs\lat_ci\system\Database\MySQLi\Connection.php(292): mysqli->query('INSERT INTO `ne...', 0)
#1 C:\xampp\htdocs\lat_ci\system\Database\BaseConnection.php(670): CodeIgniter\Database\MySQLi\Connection->execute('INSERT INTO `ne...')
#2 C:\xampp\htdocs\lat_ci\system\Database\BaseConnection.php(598): CodeIgniter\Database\BaseConnection->simpleQuery('INSERT INTO `ne...')
#3 C:\xampp\htdocs\lat_ci\system\Database\BaseBuilder.php(1771): CodeIgniter\Database\BaseConnection->query('INSERT INTO `ne...', Array, false)
#4 C:\xampp\htdocs\lat_ci\system\Model.php(239): CodeIgniter\Database\BaseBuilder->insert()
#5 C:\xampp\htdocs\lat_ci\system\BaseModel.php(738): CodeIgniter\Model->doInsert(Array)
#6 C:\xampp\htdocs\lat_ci\system\Model.php(625): CodeIgniter\BaseModel->insert(Array, true)
#7 C:\xampp\htdocs\lat_ci\app\Controllers\NewsAdmin.php(41): CodeIgniter\Model->insert(Array)
#8 C:\xampp\htdocs\lat_ci\system\CodeIgniter.php(832): App\Controllers\NewsAdmin->create()
#9 C:\xampp\htdocs\lat_ci\system\CodeIgniter.php(419): CodeIgniter\CodeIgniter->runController(Object(App\Controllers\NewsAdmin))
#10 C:\xampp\htdocs\lat_ci\system\CodeIgniter.php(326): CodeIgniter\CodeIgniter->handleRequest(NULL, Object(Config\Cache), false)
#11 C:\xampp\htdocs\lat_ci\public\index.php(37): CodeIgniter\CodeIgniter->run()
#12 C:\xampp\htdocs\lat_ci\system\Commands\Server\rewrite.php(43): require_once('C:\\xampp\\htdocs...')
#13 {main}
ERROR - 2022-04-17 10:59:09 --> Column 'author' cannot be null
CRITICAL - 2022-04-17 10:59:09 --> Column 'author' cannot be null
#0 C:\xampp\htdocs\lat_ci\system\Database\MySQLi\Connection.php(292): mysqli->query('INSERT INTO `ne...', 0)
#1 C:\xampp\htdocs\lat_ci\system\Database\BaseConnection.php(670): CodeIgniter\Database\MySQLi\Connection->execute('INSERT INTO `ne...')
#2 C:\xampp\htdocs\lat_ci\system\Database\BaseConnection.php(598): CodeIgniter\Database\BaseConnection->simpleQuery('INSERT INTO `ne...')
#3 C:\xampp\htdocs\lat_ci\system\Database\BaseBuilder.php(1771): CodeIgniter\Database\BaseConnection->query('INSERT INTO `ne...', Array, false)
#4 C:\xampp\htdocs\lat_ci\system\Model.php(239): CodeIgniter\Database\BaseBuilder->insert()
#5 C:\xampp\htdocs\lat_ci\system\BaseModel.php(738): CodeIgniter\Model->doInsert(Array)
#6 C:\xampp\htdocs\lat_ci\system\Model.php(625): CodeIgniter\BaseModel->insert(Array, true)
#7 C:\xampp\htdocs\lat_ci\app\Controllers\NewsAdmin.php(41): CodeIgniter\Model->insert(Array)
#8 C:\xampp\htdocs\lat_ci\system\CodeIgniter.php(832): App\Controllers\NewsAdmin->create()
#9 C:\xampp\htdocs\lat_ci\system\CodeIgniter.php(419): CodeIgniter\CodeIgniter->runController(Object(App\Controllers\NewsAdmin))
#10 C:\xampp\htdocs\lat_ci\system\CodeIgniter.php(326): CodeIgniter\CodeIgniter->handleRequest(NULL, Object(Config\Cache), false)
#11 C:\xampp\htdocs\lat_ci\public\index.php(37): CodeIgniter\CodeIgniter->run()
#12 C:\xampp\htdocs\lat_ci\system\Commands\Server\rewrite.php(43): require_once('C:\\xampp\\htdocs...')
#13 {main}
CRITICAL - 2022-04-17 12:06:46 --> Undefined variable $validation
#0 C:\xampp\htdocs\lat_ci\app\Controllers\NewsAdmin.php(54): CodeIgniter\Debug\Exceptions->errorHandler(2, 'Undefined varia...', 'C:\\xampp\\htdocs...', 54)
#1 C:\xampp\htdocs\lat_ci\system\CodeIgniter.php(832): App\Controllers\NewsAdmin->edit('1')
#2 C:\xampp\htdocs\lat_ci\system\CodeIgniter.php(419): CodeIgniter\CodeIgniter->runController(Object(App\Controllers\NewsAdmin))
#3 C:\xampp\htdocs\lat_ci\system\CodeIgniter.php(326): CodeIgniter\CodeIgniter->handleRequest(NULL, Object(Config\Cache), false)
#4 C:\xampp\htdocs\lat_ci\public\index.php(37): CodeIgniter\CodeIgniter->run()
#5 C:\xampp\htdocs\lat_ci\system\Commands\Server\rewrite.php(43): require_once('C:\\xampp\\htdocs...')
#6 {main}
CRITICAL - 2022-04-17 12:11:13 --> Undefined variable $validation
#0 C:\xampp\htdocs\lat_ci\app\Controllers\NewsAdmin.php(54): CodeIgniter\Debug\Exceptions->errorHandler(2, 'Undefined varia...', 'C:\\xampp\\htdocs...', 54)
#1 C:\xampp\htdocs\lat_ci\system\CodeIgniter.php(832): App\Controllers\NewsAdmin->edit('1')
#2 C:\xampp\htdocs\lat_ci\system\CodeIgniter.php(419): CodeIgniter\CodeIgniter->runController(Object(App\Controllers\NewsAdmin))
#3 C:\xampp\htdocs\lat_ci\system\CodeIgniter.php(326): CodeIgniter\CodeIgniter->handleRequest(NULL, Object(Config\Cache), false)
#4 C:\xampp\htdocs\lat_ci\public\index.php(37): CodeIgniter\CodeIgniter->run()
#5 C:\xampp\htdocs\lat_ci\system\Commands\Server\rewrite.php(43): require_once('C:\\xampp\\htdocs...')
#6 {main}
CRITICAL - 2022-04-17 12:11:16 --> Undefined variable $validation
#0 C:\xampp\htdocs\lat_ci\app\Controllers\NewsAdmin.php(54): CodeIgniter\Debug\Exceptions->errorHandler(2, 'Undefined varia...', 'C:\\xampp\\htdocs...', 54)
#1 C:\xampp\htdocs\lat_ci\system\CodeIgniter.php(832): App\Controllers\NewsAdmin->edit('3')
#2 C:\xampp\htdocs\lat_ci\system\CodeIgniter.php(419): CodeIgniter\CodeIgniter->runController(Object(App\Controllers\NewsAdmin))
#3 C:\xampp\htdocs\lat_ci\system\CodeIgniter.php(326): CodeIgniter\CodeIgniter->handleRequest(NULL, Object(Config\Cache), false)
#4 C:\xampp\htdocs\lat_ci\public\index.php(37): CodeIgniter\CodeIgniter->run()
#5 C:\xampp\htdocs\lat_ci\system\Commands\Server\rewrite.php(43): require_once('C:\\xampp\\htdocs...')
#6 {main}
CRITICAL - 2022-04-17 12:12:28 --> Undefined variable $validation
#0 C:\xampp\htdocs\lat_ci\app\Controllers\NewsAdmin.php(54): CodeIgniter\Debug\Exceptions->errorHandler(2, 'Undefined varia...', 'C:\\xampp\\htdocs...', 54)
#1 C:\xampp\htdocs\lat_ci\system\CodeIgniter.php(832): App\Controllers\NewsAdmin->edit('1')
#2 C:\xampp\htdocs\lat_ci\system\CodeIgniter.php(419): CodeIgniter\CodeIgniter->runController(Object(App\Controllers\NewsAdmin))
#3 C:\xampp\htdocs\lat_ci\system\CodeIgniter.php(326): CodeIgniter\CodeIgniter->handleRequest(NULL, Object(Config\Cache), false)
#4 C:\xampp\htdocs\lat_ci\public\index.php(37): CodeIgniter\CodeIgniter->run()
#5 C:\xampp\htdocs\lat_ci\system\Commands\Server\rewrite.php(43): require_once('C:\\xampp\\htdocs...')
#6 {main}
CRITICAL - 2022-04-17 12:13:30 --> Undefined variable $validation
#0 C:\xampp\htdocs\lat_ci\app\Controllers\NewsAdmin.php(54): CodeIgniter\Debug\Exceptions->errorHandler(2, 'Undefined varia...', 'C:\\xampp\\htdocs...', 54)
#1 C:\xampp\htdocs\lat_ci\system\CodeIgniter.php(832): App\Controllers\NewsAdmin->edit('1')
#2 C:\xampp\htdocs\lat_ci\system\CodeIgniter.php(419): CodeIgniter\CodeIgniter->runController(Object(App\Controllers\NewsAdmin))
#3 C:\xampp\htdocs\lat_ci\system\CodeIgniter.php(326): CodeIgniter\CodeIgniter->handleRequest(NULL, Object(Config\Cache), false)
#4 C:\xampp\htdocs\lat_ci\public\index.php(37): CodeIgniter\CodeIgniter->run()
#5 C:\xampp\htdocs\lat_ci\system\Commands\Server\rewrite.php(43): require_once('C:\\xampp\\htdocs...')
#6 {main}
